  Bricks.cpp
D:\Projekty\Studia\PK4\ArkanoidClone\ArkanoidClone\SourceCode\Entity\Objects\Bricks.cpp(79,57): warning C4244: "=": konwersja z "T" do "T", możliwa utrata danych
          with
          [
              T=float
          ]
          and
          [
              T=int
          ]
D:\Projekty\Studia\PK4\ArkanoidClone\ArkanoidClone\SourceCode\Entity\Objects\Bricks.cpp(80,58): warning C4244: "=": konwersja z "T" do "T", możliwa utrata danych
          with
          [
              T=float
          ]
          and
          [
              T=int
          ]
D:\Projekty\Studia\PK4\ArkanoidClone\ArkanoidClone\SourceCode\Entity\Objects\Bricks.cpp(126,33): warning C4244: "=": konwersja z "T" do "T", możliwa utrata danych
          with
          [
              T=float
          ]
          and
          [
              T=int
          ]
  ArkanoidClone.vcxproj -> D:\Projekty\Studia\PK4\ArkanoidClone\x64\Debug\ArkanoidClone.exe
