d:\projekty\studia\pk4\arkanoidclone\arkanoidclone\x64\debug\vc143.pdb
d:\projekty\studia\pk4\arkanoidclone\arkanoidclone\x64\debug\vc143.idb
d:\projekty\studia\pk4\arkanoidclone\arkanoidclone\x64\debug\uielement.obj
d:\projekty\studia\pk4\arkanoidclone\arkanoidclone\x64\debug\vauspart.obj
d:\projekty\studia\pk4\arkanoidclone\arkanoidclone\x64\debug\vaus.obj
d:\projekty\studia\pk4\arkanoidclone\arkanoidclone\x64\debug\program.obj
d:\projekty\studia\pk4\arkanoidclone\arkanoidclone\x64\debug\stage.obj
d:\projekty\studia\pk4\arkanoidclone\arkanoidclone\x64\debug\scenemanager.obj
d:\projekty\studia\pk4\arkanoidclone\arkanoidclone\x64\debug\scene.obj
d:\projekty\studia\pk4\arkanoidclone\arkanoidclone\x64\debug\background.obj
d:\projekty\studia\pk4\arkanoidclone\arkanoidclone\x64\debug\game.obj
d:\projekty\studia\pk4\arkanoidclone\arkanoidclone\x64\debug\bricks.obj
d:\projekty\studia\pk4\arkanoidclone\arkanoidclone\x64\debug\healthmanager.obj
d:\projekty\studia\pk4\arkanoidclone\arkanoidclone\x64\debug\entity.obj
d:\projekty\studia\pk4\arkanoidclone\arkanoidclone\x64\debug\ball.obj
d:\projekty\studia\pk4\arkanoidclone\arkanoidclone\x64\debug\arkanoidclone.obj
d:\projekty\studia\pk4\arkanoidclone\arkanoidclone\x64\debug\menuscene.obj
d:\projekty\studia\pk4\arkanoidclone\arkanoidclone\x64\debug\button.obj
d:\projekty\studia\pk4\arkanoidclone\arkanoidclone\x64\debug\resources.obj
d:\projekty\studia\pk4\arkanoidclone\arkanoidclone\x64\debug\levelselectorscene.obj
d:\projekty\studia\pk4\arkanoidclone\x64\debug\arkanoidclone.exe
d:\projekty\studia\pk4\arkanoidclone\arkanoidclone\x64\debug\arkanoidclone.ilk
d:\projekty\studia\pk4\arkanoidclone\x64\debug\arkanoidclone.pdb
d:\projekty\studia\pk4\arkanoidclone\arkanoidclone\x64\debug\arkanoidclone.tlog\cl.command.1.tlog
d:\projekty\studia\pk4\arkanoidclone\arkanoidclone\x64\debug\arkanoidclone.tlog\cl.read.1.tlog
d:\projekty\studia\pk4\arkanoidclone\arkanoidclone\x64\debug\arkanoidclone.tlog\cl.write.1.tlog
d:\projekty\studia\pk4\arkanoidclone\arkanoidclone\x64\debug\arkanoidclone.tlog\link.command.1.tlog
d:\projekty\studia\pk4\arkanoidclone\arkanoidclone\x64\debug\arkanoidclone.tlog\link.read.1.tlog
d:\projekty\studia\pk4\arkanoidclone\arkanoidclone\x64\debug\arkanoidclone.tlog\link.write.1.tlog
